!SESSION 2017-05-09 17:42:32.955 -----------------------------------------------
eclipse.buildId=4.4.2.M20150204-1700
java.version=1.8.0_121
java.vendor=Oracle Corporation
BootLoader constants: OS=win32, ARCH=x86_64, WS=win32, NL=en_US
Framework arguments:  -product org.eclipse.epp.package.java.product -product org.eclipse.epp.package.java.product
Command-line arguments:  -os win32 -ws win32 -arch x86_64 -product org.eclipse.epp.package.java.product -data C:\Users\Dell\Dropbox\computer applications -product org.eclipse.epp.package.java.product

!ENTRY org.eclipse.egit.ui 2 0 2017-05-09 17:44:04.557
!MESSAGE Warning: EGit couldn't detect the installation path "gitPrefix" of native Git. Hence EGit can't respect system level
Git settings which might be configured in ${gitPrefix}/etc/gitconfig under the native Git installation directory.
The most important of these settings is core.autocrlf. Git for Windows by default sets this parameter to true in
this system level configuration. The Git installation location can be configured on the
Team > Git > Configuration preference page's 'System Settings' tab.
This warning can be switched off on the Team > Git > Confirmations and Warnings preference page.
!SESSION 2017-05-09 17:45:05.566 -----------------------------------------------
eclipse.buildId=4.4.2.M20150204-1700
java.version=1.8.0_121
java.vendor=Oracle Corporation
BootLoader constants: OS=win32, ARCH=x86_64, WS=win32, NL=en_US
Framework arguments:  -product org.eclipse.epp.package.java.product
Command-line arguments:  -os win32 -ws win32 -arch x86_64 -product org.eclipse.epp.package.java.product

!ENTRY org.eclipse.egit.ui 2 0 2017-05-09 17:46:19.258
!MESSAGE Warning: EGit couldn't detect the installation path "gitPrefix" of native Git. Hence EGit can't respect system level
Git settings which might be configured in ${gitPrefix}/etc/gitconfig under the native Git installation directory.
The most important of these settings is core.autocrlf. Git for Windows by default sets this parameter to true in
this system level configuration. The Git installation location can be configured on the
Team > Git > Configuration preference page's 'System Settings' tab.
This warning can be switched off on the Team > Git > Confirmations and Warnings preference page.
!SESSION 2017-05-09 17:59:34.582 -----------------------------------------------
eclipse.buildId=4.4.2.M20150204-1700
java.version=1.8.0_121
java.vendor=Oracle Corporation
BootLoader constants: OS=win32, ARCH=x86_64, WS=win32, NL=en_US
Framework arguments:  -product org.eclipse.epp.package.java.product C:\Users\Dell\Dropbox\computer applications\a\.project
Command-line arguments:  -os win32 -ws win32 -arch x86_64 -product org.eclipse.epp.package.java.product C:\Users\Dell\Dropbox\computer applications\a\.project

!ENTRY org.eclipse.egit.ui 2 0 2017-05-09 17:59:48.309
!MESSAGE Warning: EGit couldn't detect the installation path "gitPrefix" of native Git. Hence EGit can't respect system level
Git settings which might be configured in ${gitPrefix}/etc/gitconfig under the native Git installation directory.
The most important of these settings is core.autocrlf. Git for Windows by default sets this parameter to true in
this system level configuration. The Git installation location can be configured on the
Team > Git > Configuration preference page's 'System Settings' tab.
This warning can be switched off on the Team > Git > Confirmations and Warnings preference page.
!SESSION 2017-05-10 17:07:27.760 -----------------------------------------------
eclipse.buildId=4.4.2.M20150204-1700
java.version=1.8.0_121
java.vendor=Oracle Corporation
BootLoader constants: OS=win32, ARCH=x86_64, WS=win32, NL=en_US
Framework arguments:  -product org.eclipse.epp.package.java.product C:\Users\Dell\Dropbox\computer applications\a\src\assignment1\Amain.java
Command-line arguments:  -os win32 -ws win32 -arch x86_64 -product org.eclipse.epp.package.java.product C:\Users\Dell\Dropbox\computer applications\a\src\assignment1\Amain.java

!ENTRY org.eclipse.egit.ui 2 0 2017-05-10 17:07:43.257
!MESSAGE Warning: EGit couldn't detect the installation path "gitPrefix" of native Git. Hence EGit can't respect system level
Git settings which might be configured in ${gitPrefix}/etc/gitconfig under the native Git installation directory.
The most important of these settings is core.autocrlf. Git for Windows by default sets this parameter to true in
this system level configuration. The Git installation location can be configured on the
Team > Git > Configuration preference page's 'System Settings' tab.
This warning can be switched off on the Team > Git > Confirmations and Warnings preference page.
!SESSION 2017-05-10 18:10:06.608 -----------------------------------------------
eclipse.buildId=4.4.2.M20150204-1700
java.version=1.8.0_121
java.vendor=Oracle Corporation
BootLoader constants: OS=win32, ARCH=x86_64, WS=win32, NL=el_GR
Framework arguments:  -product org.eclipse.epp.package.java.product
Command-line arguments:  -os win32 -ws win32 -arch x86_64 -product org.eclipse.epp.package.java.product

!ENTRY org.eclipse.core.resources 2 10035 2017-05-10 18:11:29.865
!MESSAGE The workspace exited with unsaved changes in the previous session; refreshing workspace to recover changes.

!ENTRY org.eclipse.egit.ui 2 0 2017-05-10 18:11:36.949
!MESSAGE Warning: EGit couldn't detect the installation path "gitPrefix" of native Git. Hence EGit can't respect system level
Git settings which might be configured in ${gitPrefix}/etc/gitconfig under the native Git installation directory.
The most important of these settings is core.autocrlf. Git for Windows by default sets this parameter to true in
this system level configuration. The Git installation location can be configured on the
Team > Git > Configuration preference page's 'System Settings' tab.
This warning can be switched off on the Team > Git > Confirmations and Warnings preference page.

!ENTRY org.eclipse.jdt.core 4 4 2017-05-10 18:27:32.003
!MESSAGE Background Indexer Crash Recovery
!STACK 0
java.lang.OutOfMemoryError: Requested array size exceeds VM limit
	at org.eclipse.jdt.internal.compiler.util.HashtableOfObject.<init>(HashtableOfObject.java:38)
	at org.eclipse.jdt.internal.core.index.DiskIndex.readCategoryTable(DiskIndex.java:642)
	at org.eclipse.jdt.internal.core.index.DiskIndex.mergeCategory(DiskIndex.java:463)
	at org.eclipse.jdt.internal.core.index.DiskIndex.mergeCategories(DiskIndex.java:455)
	at org.eclipse.jdt.internal.core.index.DiskIndex.mergeWith(DiskIndex.java:549)
	at org.eclipse.jdt.internal.core.index.Index.save(Index.java:197)
	at org.eclipse.jdt.internal.core.search.indexing.IndexManager.saveIndex(IndexManager.java:905)
	at org.eclipse.jdt.internal.core.search.indexing.IndexManager.saveIndexes(IndexManager.java:947)
	at org.eclipse.jdt.internal.core.search.indexing.IndexManager.notifyIdle(IndexManager.java:644)
	at org.eclipse.jdt.internal.core.search.processing.JobManager.run(JobManager.java:388)
	at java.lang.Thread.run(Unknown Source)

!ENTRY org.eclipse.jdt.core 4 4 2017-05-10 18:28:23.442
!MESSAGE Background Indexer Crash Recovery
!STACK 0
java.lang.OutOfMemoryError: Requested array size exceeds VM limit
	at org.eclipse.jdt.internal.compiler.util.HashtableOfObject.<init>(HashtableOfObject.java:38)
	at org.eclipse.jdt.internal.core.index.DiskIndex.readCategoryTable(DiskIndex.java:642)
	at org.eclipse.jdt.internal.core.index.DiskIndex.mergeCategory(DiskIndex.java:463)
	at org.eclipse.jdt.internal.core.index.DiskIndex.mergeCategories(DiskIndex.java:455)
	at org.eclipse.jdt.internal.core.index.DiskIndex.mergeWith(DiskIndex.java:549)
	at org.eclipse.jdt.internal.core.index.Index.save(Index.java:197)
	at org.eclipse.jdt.internal.core.search.indexing.IndexManager.saveIndex(IndexManager.java:905)
	at org.eclipse.jdt.internal.core.search.indexing.IndexManager.saveIndexes(IndexManager.java:947)
	at org.eclipse.jdt.internal.core.search.indexing.IndexManager.notifyIdle(IndexManager.java:644)
	at org.eclipse.jdt.internal.core.search.processing.JobManager.run(JobManager.java:388)
	at java.lang.Thread.run(Unknown Source)

!ENTRY org.eclipse.core.jobs 4 2 2017-05-10 18:32:32.020
!MESSAGE An internal error occurred during: "Periodic workspace save.".
!STACK 0
java.lang.IllegalArgumentException: Cannot set lower sequence number for root (previous: 4, new: 3). Location: C:\Users\nick\Dropbox\computer applications\.metadata\.plugins\org.eclipse.core.resources\.safetable\org.eclipse.core.resources
	at org.eclipse.core.runtime.Assert.isLegal(Assert.java:63)
	at org.eclipse.core.internal.resources.SaveManager.validateMasterTableBeforeSave(SaveManager.java:1599)
	at org.eclipse.core.internal.resources.SaveManager.saveMasterTable(SaveManager.java:1263)
	at org.eclipse.core.internal.resources.SaveManager.saveMasterTable(SaveManager.java:1255)
	at org.eclipse.core.internal.resources.SaveManager.save(SaveManager.java:1232)
	at org.eclipse.core.internal.resources.SaveManager.save(SaveManager.java:1144)
	at org.eclipse.core.internal.resources.DelayedSnapshotJob.run(DelayedSnapshotJob.java:51)
	at org.eclipse.core.internal.jobs.Worker.run(Worker.java:54)
!SESSION 2017-05-10 18:37:35.294 -----------------------------------------------
eclipse.buildId=4.4.2.M20150204-1700
java.version=1.8.0_121
java.vendor=Oracle Corporation
BootLoader constants: OS=win32, ARCH=x86_64, WS=win32, NL=en_US
Framework arguments:  -product org.eclipse.epp.package.java.product
Command-line arguments:  -os win32 -ws win32 -arch x86_64 -product org.eclipse.epp.package.java.product

!ENTRY org.eclipse.egit.ui 2 0 2017-05-10 18:37:52.979
!MESSAGE Warning: EGit couldn't detect the installation path "gitPrefix" of native Git. Hence EGit can't respect system level
Git settings which might be configured in ${gitPrefix}/etc/gitconfig under the native Git installation directory.
The most important of these settings is core.autocrlf. Git for Windows by default sets this parameter to true in
this system level configuration. The Git installation location can be configured on the
Team > Git > Configuration preference page's 'System Settings' tab.
This warning can be switched off on the Team > Git > Confirmations and Warnings preference page.
!SESSION 2017-05-10 18:54:51.282 -----------------------------------------------
eclipse.buildId=4.4.2.M20150204-1700
java.version=1.8.0_121
java.vendor=Oracle Corporation
BootLoader constants: OS=win32, ARCH=x86_64, WS=win32, NL=en_US
Framework arguments:  -product org.eclipse.epp.package.java.product
Command-line arguments:  -os win32 -ws win32 -arch x86_64 -product org.eclipse.epp.package.java.product

!ENTRY org.eclipse.egit.ui 2 0 2017-05-10 18:55:07.952
!MESSAGE Warning: EGit couldn't detect the installation path "gitPrefix" of native Git. Hence EGit can't respect system level
Git settings which might be configured in ${gitPrefix}/etc/gitconfig under the native Git installation directory.
The most important of these settings is core.autocrlf. Git for Windows by default sets this parameter to true in
this system level configuration. The Git installation location can be configured on the
Team > Git > Configuration preference page's 'System Settings' tab.
This warning can be switched off on the Team > Git > Confirmations and Warnings preference page.

!ENTRY org.eclipse.core.jobs 4 2 2017-05-10 18:55:39.441
!MESSAGE An internal error occurred during: "Periodic workspace save.".
!STACK 0
java.lang.IllegalArgumentException: Cannot set lower sequence number for root (previous: 5, new: 3). Location: C:\Users\nick\Dropbox\computer applications\.metadata\.plugins\org.eclipse.core.resources\.safetable\org.eclipse.core.resources
	at org.eclipse.core.runtime.Assert.isLegal(Assert.java:63)
	at org.eclipse.core.internal.resources.SaveManager.validateMasterTableBeforeSave(SaveManager.java:1599)
	at org.eclipse.core.internal.resources.SaveManager.saveMasterTable(SaveManager.java:1263)
	at org.eclipse.core.internal.resources.SaveManager.saveMasterTable(SaveManager.java:1255)
	at org.eclipse.core.internal.resources.SaveManager.save(SaveManager.java:1232)
	at org.eclipse.core.internal.resources.SaveManager.save(SaveManager.java:1144)
	at org.eclipse.core.internal.resources.DelayedSnapshotJob.run(DelayedSnapshotJob.java:51)
	at org.eclipse.core.internal.jobs.Worker.run(Worker.java:54)

!ENTRY org.eclipse.ui 4 0 2017-05-10 19:08:16.618
!MESSAGE Unhandled event loop exception
!STACK 0
java.lang.OutOfMemoryError: Requested array size exceeds VM limit
	at org.eclipse.jdt.internal.compiler.util.HashtableOfObject.<init>(HashtableOfObject.java:38)
	at org.eclipse.jdt.internal.core.index.DiskIndex.readCategoryTable(DiskIndex.java:642)
	at org.eclipse.jdt.internal.core.index.DiskIndex.addQueryResults(DiskIndex.java:214)
	at org.eclipse.jdt.internal.core.index.Index.query(Index.java:140)
	at org.eclipse.jdt.internal.core.search.matching.TypeDeclarationPattern.queryIn(TypeDeclarationPattern.java:310)
	at org.eclipse.jdt.core.search.SearchPattern.findIndexMatches(SearchPattern.java:2306)
	at org.eclipse.jdt.internal.core.search.matching.MatchLocator.findIndexMatches(MatchLocator.java:273)
	at org.eclipse.jdt.internal.core.search.PatternSearchJob.search(PatternSearchJob.java:109)
	at org.eclipse.jdt.internal.core.search.PatternSearchJob.execute(PatternSearchJob.java:65)
	at org.eclipse.jdt.internal.core.search.processing.JobManager.performConcurrentJob(JobManager.java:277)
	at org.eclipse.jdt.internal.core.search.BasicSearchEngine.searchAllTypeNames(BasicSearchEngine.java:1136)
	at org.eclipse.jdt.internal.core.SearchableEnvironment.findTypes(SearchableEnvironment.java:463)
	at org.eclipse.jdt.internal.core.SearchableEnvironment.findTypes(SearchableEnvironment.java:315)
	at org.eclipse.jdt.internal.codeassist.SelectionEngine.select(SelectionEngine.java:985)
	at org.eclipse.jdt.internal.core.Openable.codeSelect(Openable.java:163)
	at org.eclipse.jdt.internal.core.CompilationUnit.codeSelect(CompilationUnit.java:377)
	at org.eclipse.jdt.internal.core.CompilationUnit.codeSelect(CompilationUnit.java:371)
	at org.eclipse.jdt.internal.ui.javaeditor.JavaElementHyperlinkDetector.detectHyperlinks(JavaElementHyperlinkDetector.java:102)
	at org.eclipse.ui.texteditor.HyperlinkDetectorRegistry$HyperlinkDetectorDelegate.detectHyperlinks(HyperlinkDetectorRegistry.java:80)
	at org.eclipse.jface.text.hyperlink.HyperlinkManager.findHyperlinks(HyperlinkManager.java:289)
	at org.eclipse.jface.text.hyperlink.HyperlinkManager.findHyperlinks(HyperlinkManager.java:261)
	at org.eclipse.jface.text.hyperlink.HyperlinkManager.mouseMove(HyperlinkManager.java:469)
	at org.eclipse.swt.widgets.TypedListener.handleEvent(TypedListener.java:212)
	at org.eclipse.swt.widgets.EventTable.sendEvent(EventTable.java:84)
	at org.eclipse.swt.widgets.Display.sendEvent(Display.java:4353)
	at org.eclipse.swt.widgets.Widget.sendEvent(Widget.java:1061)
	at org.eclipse.swt.widgets.Display.runDeferredEvents(Display.java:4172)
	at org.eclipse.swt.widgets.Display.readAndDispatch(Display.java:3761)
	at org.eclipse.e4.ui.internal.workbench.swt.PartRenderingEngine$9.run(PartRenderingEngine.java:1151)
	at org.eclipse.core.databinding.observable.Realm.runWithDefault(Realm.java:332)
	at org.eclipse.e4.ui.internal.workbench.swt.PartRenderingEngine.run(PartRenderingEngine.java:1032)
	at org.eclipse.e4.ui.internal.workbench.E4Workbench.createAndRunUI(E4Workbench.java:148)

!ENTRY org.eclipse.ui 4 0 2017-05-10 19:08:22.953
!MESSAGE Unhandled event loop exception
!STACK 0
java.lang.OutOfMemoryError: Requested array size exceeds VM limit
	at org.eclipse.jdt.internal.compiler.util.HashtableOfObject.<init>(HashtableOfObject.java:38)
	at org.eclipse.jdt.internal.core.index.DiskIndex.readCategoryTable(DiskIndex.java:642)
	at org.eclipse.jdt.internal.core.index.DiskIndex.addQueryResults(DiskIndex.java:214)
	at org.eclipse.jdt.internal.core.index.Index.query(Index.java:140)
	at org.eclipse.jdt.internal.core.search.matching.TypeDeclarationPattern.queryIn(TypeDeclarationPattern.java:310)
	at org.eclipse.jdt.core.search.SearchPattern.findIndexMatches(SearchPattern.java:2306)
	at org.eclipse.jdt.internal.core.search.matching.MatchLocator.findIndexMatches(MatchLocator.java:273)
	at org.eclipse.jdt.internal.core.search.PatternSearchJob.search(PatternSearchJob.java:109)
	at org.eclipse.jdt.internal.core.search.PatternSearchJob.execute(PatternSearchJob.java:65)
	at org.eclipse.jdt.internal.core.search.processing.JobManager.performConcurrentJob(JobManager.java:277)
	at org.eclipse.jdt.internal.core.search.BasicSearchEngine.searchAllTypeNames(BasicSearchEngine.java:1136)
	at org.eclipse.jdt.internal.core.SearchableEnvironment.findTypes(SearchableEnvironment.java:463)
	at org.eclipse.jdt.internal.core.SearchableEnvironment.findTypes(SearchableEnvironment.java:315)
	at org.eclipse.jdt.internal.codeassist.SelectionEngine.select(SelectionEngine.java:985)
	at org.eclipse.jdt.internal.core.Openable.codeSelect(Openable.java:163)
	at org.eclipse.jdt.internal.core.CompilationUnit.codeSelect(CompilationUnit.java:377)
	at org.eclipse.jdt.internal.core.CompilationUnit.codeSelect(CompilationUnit.java:371)
	at org.eclipse.jdt.internal.ui.javaeditor.JavaElementHyperlinkDetector.detectHyperlinks(JavaElementHyperlinkDetector.java:102)
	at org.eclipse.ui.texteditor.HyperlinkDetectorRegistry$HyperlinkDetectorDelegate.detectHyperlinks(HyperlinkDetectorRegistry.java:80)
	at org.eclipse.jface.text.hyperlink.HyperlinkManager.findHyperlinks(HyperlinkManager.java:289)
	at org.eclipse.jface.text.hyperlink.HyperlinkManager.findHyperlinks(HyperlinkManager.java:261)
	at org.eclipse.jface.text.hyperlink.HyperlinkManager.mouseMove(HyperlinkManager.java:469)
	at org.eclipse.swt.widgets.TypedListener.handleEvent(TypedListener.java:212)
	at org.eclipse.swt.widgets.EventTable.sendEvent(EventTable.java:84)
	at org.eclipse.swt.widgets.Display.sendEvent(Display.java:4353)
	at org.eclipse.swt.widgets.Widget.sendEvent(Widget.java:1061)
	at org.eclipse.swt.widgets.Display.runDeferredEvents(Display.java:4172)
	at org.eclipse.swt.widgets.Display.readAndDispatch(Display.java:3761)
	at org.eclipse.e4.ui.internal.workbench.swt.PartRenderingEngine$9.run(PartRenderingEngine.java:1151)
	at org.eclipse.core.databinding.observable.Realm.runWithDefault(Realm.java:332)
	at org.eclipse.e4.ui.internal.workbench.swt.PartRenderingEngine.run(PartRenderingEngine.java:1032)
	at org.eclipse.e4.ui.internal.workbench.E4Workbench.createAndRunUI(E4Workbench.java:148)

!ENTRY org.eclipse.ui 4 0 2017-05-10 19:08:28.898
!MESSAGE Unhandled event loop exception
!STACK 0
java.lang.OutOfMemoryError: Requested array size exceeds VM limit
	at org.eclipse.jdt.internal.compiler.util.HashtableOfObject.<init>(HashtableOfObject.java:38)
	at org.eclipse.jdt.internal.core.index.DiskIndex.readCategoryTable(DiskIndex.java:642)
	at org.eclipse.jdt.internal.core.index.DiskIndex.addQueryResults(DiskIndex.java:214)
	at org.eclipse.jdt.internal.core.index.Index.query(Index.java:140)
	at org.eclipse.jdt.internal.core.search.matching.TypeDeclarationPattern.queryIn(TypeDeclarationPattern.java:310)
	at org.eclipse.jdt.core.search.SearchPattern.findIndexMatches(SearchPattern.java:2306)
	at org.eclipse.jdt.internal.core.search.matching.MatchLocator.findIndexMatches(MatchLocator.java:273)
	at org.eclipse.jdt.internal.core.search.PatternSearchJob.search(PatternSearchJob.java:109)
	at org.eclipse.jdt.internal.core.search.PatternSearchJob.execute(PatternSearchJob.java:65)
	at org.eclipse.jdt.internal.core.search.processing.JobManager.performConcurrentJob(JobManager.java:277)
	at org.eclipse.jdt.internal.core.search.BasicSearchEngine.searchAllTypeNames(BasicSearchEngine.java:1136)
	at org.eclipse.jdt.internal.core.SearchableEnvironment.findTypes(SearchableEnvironment.java:463)
	at org.eclipse.jdt.internal.core.SearchableEnvironment.findTypes(SearchableEnvironment.java:315)
	at org.eclipse.jdt.internal.codeassist.SelectionEngine.select(SelectionEngine.java:985)
	at org.eclipse.jdt.internal.core.Openable.codeSelect(Openable.java:163)
	at org.eclipse.jdt.internal.core.CompilationUnit.codeSelect(CompilationUnit.java:377)
	at org.eclipse.jdt.internal.core.CompilationUnit.codeSelect(CompilationUnit.java:371)
	at org.eclipse.jdt.internal.ui.javaeditor.JavaElementHyperlinkDetector.detectHyperlinks(JavaElementHyperlinkDetector.java:102)
	at org.eclipse.ui.texteditor.HyperlinkDetectorRegistry$HyperlinkDetectorDelegate.detectHyperlinks(HyperlinkDetectorRegistry.java:80)
	at org.eclipse.jface.text.hyperlink.HyperlinkManager.findHyperlinks(HyperlinkManager.java:289)
	at org.eclipse.jface.text.hyperlink.HyperlinkManager.findHyperlinks(HyperlinkManager.java:261)
	at org.eclipse.jface.text.hyperlink.HyperlinkManager.mouseMove(HyperlinkManager.java:469)
	at org.eclipse.swt.widgets.TypedListener.handleEvent(TypedListener.java:212)
	at org.eclipse.swt.widgets.EventTable.sendEvent(EventTable.java:84)
	at org.eclipse.swt.widgets.Display.sendEvent(Display.java:4353)
	at org.eclipse.swt.widgets.Widget.sendEvent(Widget.java:1061)
	at org.eclipse.swt.widgets.Display.runDeferredEvents(Display.java:4172)
	at org.eclipse.swt.widgets.Display.readAndDispatch(Display.java:3761)
	at org.eclipse.e4.ui.internal.workbench.swt.PartRenderingEngine$9.run(PartRenderingEngine.java:1151)
	at org.eclipse.core.databinding.observable.Realm.runWithDefault(Realm.java:332)
	at org.eclipse.e4.ui.internal.workbench.swt.PartRenderingEngine.run(PartRenderingEngine.java:1032)
	at org.eclipse.e4.ui.internal.workbench.E4Workbench.createAndRunUI(E4Workbench.java:148)

!ENTRY org.eclipse.core.jobs 4 2 2017-05-10 19:08:50.880
!MESSAGE An internal error occurred during: "Searching...".
!STACK 0
java.lang.OutOfMemoryError: Requested array size exceeds VM limit
!SESSION 2017-05-10 19:08:58.476 -----------------------------------------------
eclipse.buildId=4.4.2.M20150204-1700
java.version=1.8.0_121
java.vendor=Oracle Corporation
BootLoader constants: OS=win32, ARCH=x86_64, WS=win32, NL=el_GR
Framework arguments:  -product org.eclipse.epp.package.java.product
Command-line arguments:  -os win32 -ws win32 -arch x86_64 -product org.eclipse.epp.package.java.product

!ENTRY org.eclipse.egit.ui 2 0 2017-05-10 19:09:10.034
!MESSAGE Warning: EGit couldn't detect the installation path "gitPrefix" of native Git. Hence EGit can't respect system level
Git settings which might be configured in ${gitPrefix}/etc/gitconfig under the native Git installation directory.
The most important of these settings is core.autocrlf. Git for Windows by default sets this parameter to true in
this system level configuration. The Git installation location can be configured on the
Team > Git > Configuration preference page's 'System Settings' tab.
This warning can be switched off on the Team > Git > Confirmations and Warnings preference page.
!SESSION 2017-05-10 20:23:04.382 -----------------------------------------------
eclipse.buildId=4.4.2.M20150204-1700
java.version=1.8.0_121
java.vendor=Oracle Corporation
BootLoader constants: OS=win32, ARCH=x86_64, WS=win32, NL=en_US
Framework arguments:  -product org.eclipse.epp.package.java.product
Command-line arguments:  -os win32 -ws win32 -arch x86_64 -product org.eclipse.epp.package.java.product

!ENTRY org.eclipse.core.resources 2 10035 2017-05-10 20:23:20.492
!MESSAGE The workspace exited with unsaved changes in the previous session; refreshing workspace to recover changes.

!ENTRY org.eclipse.jdt.core 4 0 2017-05-10 20:23:29.165
!MESSAGE Invalid ZIP archive: C:\Users\nick\Dropbox\computer applications\a\library\mysql-connector-java-5.1.42-bin.jar

!ENTRY org.eclipse.egit.ui 2 0 2017-05-10 20:23:31.685
!MESSAGE Warning: EGit couldn't detect the installation path "gitPrefix" of native Git. Hence EGit can't respect system level
Git settings which might be configured in ${gitPrefix}/etc/gitconfig under the native Git installation directory.
The most important of these settings is core.autocrlf. Git for Windows by default sets this parameter to true in
this system level configuration. The Git installation location can be configured on the
Team > Git > Configuration preference page's 'System Settings' tab.
This warning can be switched off on the Team > Git > Confirmations and Warnings preference page.

!ENTRY org.eclipse.jdt.core 4 4 2017-05-10 20:28:28.690
!MESSAGE Background Indexer Crash Recovery
!STACK 0
java.lang.NegativeArraySizeException
	at org.eclipse.jdt.internal.compiler.util.HashtableOfObject.<init>(HashtableOfObject.java:38)
	at org.eclipse.jdt.internal.core.index.DiskIndex.readCategoryTable(DiskIndex.java:642)
	at org.eclipse.jdt.internal.core.index.DiskIndex.mergeCategory(DiskIndex.java:463)
	at org.eclipse.jdt.internal.core.index.DiskIndex.mergeCategories(DiskIndex.java:455)
	at org.eclipse.jdt.internal.core.index.DiskIndex.mergeWith(DiskIndex.java:549)
	at org.eclipse.jdt.internal.core.index.Index.save(Index.java:197)
	at org.eclipse.jdt.internal.core.search.indexing.IndexManager.saveIndex(IndexManager.java:905)
	at org.eclipse.jdt.internal.core.search.indexing.IndexManager.saveIndexes(IndexManager.java:947)
	at org.eclipse.jdt.internal.core.search.indexing.IndexManager.notifyIdle(IndexManager.java:644)
	at org.eclipse.jdt.internal.core.search.processing.JobManager.run(JobManager.java:388)
	at java.lang.Thread.run(Unknown Source)
!SESSION 2017-05-10 21:01:03.424 -----------------------------------------------
eclipse.buildId=4.4.2.M20150204-1700
java.version=1.8.0_121
java.vendor=Oracle Corporation
BootLoader constants: OS=win32, ARCH=x86_64, WS=win32, NL=en_US
Framework arguments:  -product org.eclipse.epp.package.java.product
Command-line arguments:  -os win32 -ws win32 -arch x86_64 -product org.eclipse.epp.package.java.product

!ENTRY org.eclipse.core.resources 2 10035 2017-05-10 21:01:09.509
!MESSAGE The workspace exited with unsaved changes in the previous session; refreshing workspace to recover changes.

!ENTRY org.eclipse.jdt.core 4 0 2017-05-10 21:01:20.210
!MESSAGE Invalid ZIP archive: C:\Users\nick\Dropbox\computer applications\a\library\mysql-connector-java-5.1.42-bin.jar

!ENTRY org.eclipse.egit.ui 2 0 2017-05-10 21:01:23.821
!MESSAGE Warning: EGit couldn't detect the installation path "gitPrefix" of native Git. Hence EGit can't respect system level
Git settings which might be configured in ${gitPrefix}/etc/gitconfig under the native Git installation directory.
The most important of these settings is core.autocrlf. Git for Windows by default sets this parameter to true in
this system level configuration. The Git installation location can be configured on the
Team > Git > Configuration preference page's 'System Settings' tab.
This warning can be switched off on the Team > Git > Confirmations and Warnings preference page.

!ENTRY org.eclipse.jdt.core 4 4 2017-05-10 21:18:38.078
!MESSAGE Background Indexer Crash Recovery
!STACK 0
java.lang.OutOfMemoryError: Requested array size exceeds VM limit
	at org.eclipse.jdt.internal.compiler.util.HashtableOfObject.<init>(HashtableOfObject.java:38)
	at org.eclipse.jdt.internal.core.index.DiskIndex.readCategoryTable(DiskIndex.java:642)
	at org.eclipse.jdt.internal.core.index.DiskIndex.mergeCategory(DiskIndex.java:463)
	at org.eclipse.jdt.internal.core.index.DiskIndex.mergeCategories(DiskIndex.java:455)
	at org.eclipse.jdt.internal.core.index.DiskIndex.mergeWith(DiskIndex.java:549)
	at org.eclipse.jdt.internal.core.index.Index.save(Index.java:197)
	at org.eclipse.jdt.internal.core.search.indexing.IndexManager.saveIndex(IndexManager.java:905)
	at org.eclipse.jdt.internal.core.search.indexing.IndexManager.saveIndexes(IndexManager.java:947)
	at org.eclipse.jdt.internal.core.search.indexing.IndexManager.notifyIdle(IndexManager.java:644)
	at org.eclipse.jdt.internal.core.search.processing.JobManager.run(JobManager.java:388)
	at java.lang.Thread.run(Unknown Source)
!SESSION 2017-05-10 21:18:43.319 -----------------------------------------------
eclipse.buildId=4.4.2.M20150204-1700
java.version=1.8.0_121
java.vendor=Oracle Corporation
BootLoader constants: OS=win32, ARCH=x86_64, WS=win32, NL=el_GR
Framework arguments:  -product org.eclipse.epp.package.java.product
Command-line arguments:  -os win32 -ws win32 -arch x86_64 -product org.eclipse.epp.package.java.product

!ENTRY org.eclipse.egit.ui 2 0 2017-05-10 21:18:52.808
!MESSAGE Warning: EGit couldn't detect the installation path "gitPrefix" of native Git. Hence EGit can't respect system level
Git settings which might be configured in ${gitPrefix}/etc/gitconfig under the native Git installation directory.
The most important of these settings is core.autocrlf. Git for Windows by default sets this parameter to true in
this system level configuration. The Git installation location can be configured on the
Team > Git > Configuration preference page's 'System Settings' tab.
This warning can be switched off on the Team > Git > Confirmations and Warnings preference page.
!SESSION 2017-05-10 21:24:54.983 -----------------------------------------------
eclipse.buildId=4.4.2.M20150204-1700
java.version=1.8.0_121
java.vendor=Oracle Corporation
BootLoader constants: OS=win32, ARCH=x86_64, WS=win32, NL=en_US
Framework arguments:  -product org.eclipse.epp.package.java.product
Command-line arguments:  -os win32 -ws win32 -arch x86_64 -product org.eclipse.epp.package.java.product

!ENTRY org.eclipse.egit.ui 2 0 2017-05-10 21:25:10.350
!MESSAGE Warning: EGit couldn't detect the installation path "gitPrefix" of native Git. Hence EGit can't respect system level
Git settings which might be configured in ${gitPrefix}/etc/gitconfig under the native Git installation directory.
The most important of these settings is core.autocrlf. Git for Windows by default sets this parameter to true in
this system level configuration. The Git installation location can be configured on the
Team > Git > Configuration preference page's 'System Settings' tab.
This warning can be switched off on the Team > Git > Confirmations and Warnings preference page.

!ENTRY org.eclipse.core.jobs 4 2 2017-05-10 21:30:11.311
!MESSAGE An internal error occurred during: "Periodic workspace save.".
!STACK 0
java.lang.IllegalArgumentException: Cannot set lower sequence number for root (previous: 6, new: 5). Location: C:\Users\Dell\Dropbox\computer applications\.metadata\.plugins\org.eclipse.core.resources\.safetable\org.eclipse.core.resources
	at org.eclipse.core.runtime.Assert.isLegal(Assert.java:63)
	at org.eclipse.core.internal.resources.SaveManager.validateMasterTableBeforeSave(SaveManager.java:1599)
	at org.eclipse.core.internal.resources.SaveManager.saveMasterTable(SaveManager.java:1263)
	at org.eclipse.core.internal.resources.SaveManager.saveMasterTable(SaveManager.java:1255)
	at org.eclipse.core.internal.resources.SaveManager.save(SaveManager.java:1232)
	at org.eclipse.core.internal.resources.SaveManager.save(SaveManager.java:1144)
	at org.eclipse.core.internal.resources.DelayedSnapshotJob.run(DelayedSnapshotJob.java:51)
	at org.eclipse.core.internal.jobs.Worker.run(Worker.java:54)
!SESSION 2017-05-11 10:34:54.938 -----------------------------------------------
eclipse.buildId=4.4.2.M20150204-1700
java.version=1.8.0_121
java.vendor=Oracle Corporation
BootLoader constants: OS=win32, ARCH=x86_64, WS=win32, NL=en_US
Framework arguments:  -product org.eclipse.epp.package.java.product
Command-line arguments:  -os win32 -ws win32 -arch x86_64 -product org.eclipse.epp.package.java.product

!ENTRY org.eclipse.egit.ui 2 0 2017-05-11 10:35:10.258
!MESSAGE Warning: EGit couldn't detect the installation path "gitPrefix" of native Git. Hence EGit can't respect system level
Git settings which might be configured in ${gitPrefix}/etc/gitconfig under the native Git installation directory.
The most important of these settings is core.autocrlf. Git for Windows by default sets this parameter to true in
this system level configuration. The Git installation location can be configured on the
Team > Git > Configuration preference page's 'System Settings' tab.
This warning can be switched off on the Team > Git > Confirmations and Warnings preference page.
!SESSION 2017-05-11 17:44:57.786 -----------------------------------------------
eclipse.buildId=4.4.2.M20150204-1700
java.version=1.8.0_121
java.vendor=Oracle Corporation
BootLoader constants: OS=win32, ARCH=x86_64, WS=win32, NL=en_US
Framework arguments:  -product org.eclipse.epp.package.java.product
Command-line arguments:  -os win32 -ws win32 -arch x86_64 -product org.eclipse.epp.package.java.product

!ENTRY org.eclipse.egit.ui 2 0 2017-05-11 17:45:13.958
!MESSAGE Warning: EGit couldn't detect the installation path "gitPrefix" of native Git. Hence EGit can't respect system level
Git settings which might be configured in ${gitPrefix}/etc/gitconfig under the native Git installation directory.
The most important of these settings is core.autocrlf. Git for Windows by default sets this parameter to true in
this system level configuration. The Git installation location can be configured on the
Team > Git > Configuration preference page's 'System Settings' tab.
This warning can be switched off on the Team > Git > Confirmations and Warnings preference page.
!SESSION 2017-05-11 17:53:41.043 -----------------------------------------------
eclipse.buildId=4.4.2.M20150204-1700
java.version=1.8.0_121
java.vendor=Oracle Corporation
BootLoader constants: OS=win32, ARCH=x86_64, WS=win32, NL=en_US
Framework arguments:  -product org.eclipse.epp.package.java.product
Command-line arguments:  -os win32 -ws win32 -arch x86_64 -product org.eclipse.epp.package.java.product

!ENTRY org.eclipse.egit.ui 2 0 2017-05-11 17:54:01.947
!MESSAGE Warning: EGit couldn't detect the installation path "gitPrefix" of native Git. Hence EGit can't respect system level
Git settings which might be configured in ${gitPrefix}/etc/gitconfig under the native Git installation directory.
The most important of these settings is core.autocrlf. Git for Windows by default sets this parameter to true in
this system level configuration. The Git installation location can be configured on the
Team > Git > Configuration preference page's 'System Settings' tab.
This warning can be switched off on the Team > Git > Confirmations and Warnings preference page.

!ENTRY org.eclipse.jdt.core 4 4 2017-05-11 17:54:43.599
!MESSAGE Background Indexer Crash Recovery
!STACK 0
java.lang.OutOfMemoryError: Java heap space
	at org.eclipse.jdt.internal.compiler.util.HashtableOfObject.<init>(HashtableOfObject.java:38)
	at org.eclipse.jdt.internal.core.index.DiskIndex.readCategoryTable(DiskIndex.java:642)
	at org.eclipse.jdt.internal.core.index.DiskIndex.mergeCategory(DiskIndex.java:463)
	at org.eclipse.jdt.internal.core.index.DiskIndex.mergeCategories(DiskIndex.java:455)
	at org.eclipse.jdt.internal.core.index.DiskIndex.mergeWith(DiskIndex.java:549)
	at org.eclipse.jdt.internal.core.index.Index.save(Index.java:197)
	at org.eclipse.jdt.internal.core.search.indexing.IndexManager.saveIndex(IndexManager.java:905)
	at org.eclipse.jdt.internal.core.search.indexing.IndexManager.saveIndexes(IndexManager.java:947)
	at org.eclipse.jdt.internal.core.search.indexing.IndexManager.notifyIdle(IndexManager.java:644)
	at org.eclipse.jdt.internal.core.search.processing.JobManager.run(JobManager.java:388)
	at java.lang.Thread.run(Unknown Source)
!SESSION 2017-05-11 17:55:25.342 -----------------------------------------------
eclipse.buildId=4.4.2.M20150204-1700
java.version=1.8.0_121
java.vendor=Oracle Corporation
BootLoader constants: OS=win32, ARCH=x86_64, WS=win32, NL=en_US
Framework arguments:  -product org.eclipse.epp.package.java.product
Command-line arguments:  -os win32 -ws win32 -arch x86_64 -product org.eclipse.epp.package.java.product

!ENTRY org.eclipse.egit.ui 2 0 2017-05-11 17:55:49.332
!MESSAGE Warning: EGit couldn't detect the installation path "gitPrefix" of native Git. Hence EGit can't respect system level
Git settings which might be configured in ${gitPrefix}/etc/gitconfig under the native Git installation directory.
The most important of these settings is core.autocrlf. Git for Windows by default sets this parameter to true in
this system level configuration. The Git installation location can be configured on the
Team > Git > Configuration preference page's 'System Settings' tab.
This warning can be switched off on the Team > Git > Confirmations and Warnings preference page.
!SESSION 2017-05-11 17:56:15.870 -----------------------------------------------
eclipse.buildId=4.4.2.M20150204-1700
java.version=1.8.0_121
java.vendor=Oracle Corporation
BootLoader constants: OS=win32, ARCH=x86_64, WS=win32, NL=el_GR
Framework arguments:  -product org.eclipse.epp.package.java.product
Command-line arguments:  -os win32 -ws win32 -arch x86_64 -product org.eclipse.epp.package.java.product

!ENTRY org.eclipse.egit.ui 2 0 2017-05-11 17:56:30.238
!MESSAGE Warning: EGit couldn't detect the installation path "gitPrefix" of native Git. Hence EGit can't respect system level
Git settings which might be configured in ${gitPrefix}/etc/gitconfig under the native Git installation directory.
The most important of these settings is core.autocrlf. Git for Windows by default sets this parameter to true in
this system level configuration. The Git installation location can be configured on the
Team > Git > Configuration preference page's 'System Settings' tab.
This warning can be switched off on the Team > Git > Confirmations and Warnings preference page.
!SESSION 2017-05-11 18:15:41.039 -----------------------------------------------
eclipse.buildId=4.4.2.M20150204-1700
java.version=1.8.0_121
java.vendor=Oracle Corporation
BootLoader constants: OS=win32, ARCH=x86_64, WS=win32, NL=en_US
Framework arguments:  -product org.eclipse.epp.package.java.product
Command-line arguments:  -os win32 -ws win32 -arch x86_64 -product org.eclipse.epp.package.java.product

!ENTRY org.eclipse.egit.ui 2 0 2017-05-11 18:16:09.974
!MESSAGE Warning: EGit couldn't detect the installation path "gitPrefix" of native Git. Hence EGit can't respect system level
Git settings which might be configured in ${gitPrefix}/etc/gitconfig under the native Git installation directory.
The most important of these settings is core.autocrlf. Git for Windows by default sets this parameter to true in
this system level configuration. The Git installation location can be configured on the
Team > Git > Configuration preference page's 'System Settings' tab.
This warning can be switched off on the Team > Git > Confirmations and Warnings preference page.

!ENTRY org.eclipse.core.jobs 4 2 2017-05-11 18:18:22.472
!MESSAGE An internal error occurred during: "Periodic workspace save.".
!STACK 0
java.lang.IllegalArgumentException: Cannot set lower sequence number for root (previous: 10, new: 9). Location: C:\Users\nick\Dropbox\computer applications\.metadata\.plugins\org.eclipse.core.resources\.safetable\org.eclipse.core.resources
	at org.eclipse.core.runtime.Assert.isLegal(Assert.java:63)
	at org.eclipse.core.internal.resources.SaveManager.validateMasterTableBeforeSave(SaveManager.java:1599)
	at org.eclipse.core.internal.resources.SaveManager.saveMasterTable(SaveManager.java:1263)
	at org.eclipse.core.internal.resources.SaveManager.saveMasterTable(SaveManager.java:1255)
	at org.eclipse.core.internal.resources.SaveManager.save(SaveManager.java:1232)
	at org.eclipse.core.internal.resources.SaveManager.save(SaveManager.java:1144)
	at org.eclipse.core.internal.resources.DelayedSnapshotJob.run(DelayedSnapshotJob.java:51)
	at org.eclipse.core.internal.jobs.Worker.run(Worker.java:54)

!ENTRY org.eclipse.core.jobs 4 2 2017-05-11 18:23:32.885
!MESSAGE An internal error occurred during: "Periodic workspace save.".
!STACK 0
java.lang.IllegalArgumentException: Cannot set lower sequence number for root (previous: 10, new: 9). Location: C:\Users\nick\Dropbox\computer applications\.metadata\.plugins\org.eclipse.core.resources\.safetable\org.eclipse.core.resources
	at org.eclipse.core.runtime.Assert.isLegal(Assert.java:63)
	at org.eclipse.core.internal.resources.SaveManager.validateMasterTableBeforeSave(SaveManager.java:1599)
	at org.eclipse.core.internal.resources.SaveManager.saveMasterTable(SaveManager.java:1263)
	at org.eclipse.core.internal.resources.SaveManager.saveMasterTable(SaveManager.java:1255)
	at org.eclipse.core.internal.resources.SaveManager.save(SaveManager.java:1232)
	at org.eclipse.core.internal.resources.SaveManager.save(SaveManager.java:1144)
	at org.eclipse.core.internal.resources.DelayedSnapshotJob.run(DelayedSnapshotJob.java:51)
	at org.eclipse.core.internal.jobs.Worker.run(Worker.java:54)

!ENTRY org.eclipse.core.jobs 4 2 2017-05-11 18:33:11.810
!MESSAGE An internal error occurred during: "Periodic workspace save.".
!STACK 0
java.lang.IllegalArgumentException: Cannot set lower sequence number for root (previous: 10, new: 9). Location: C:\Users\nick\Dropbox\computer applications\.metadata\.plugins\org.eclipse.core.resources\.safetable\org.eclipse.core.resources
	at org.eclipse.core.runtime.Assert.isLegal(Assert.java:63)
	at org.eclipse.core.internal.resources.SaveManager.validateMasterTableBeforeSave(SaveManager.java:1599)
	at org.eclipse.core.internal.resources.SaveManager.saveMasterTable(SaveManager.java:1263)
	at org.eclipse.core.internal.resources.SaveManager.saveMasterTable(SaveManager.java:1255)
	at org.eclipse.core.internal.resources.SaveManager.save(SaveManager.java:1232)
	at org.eclipse.core.internal.resources.SaveManager.save(SaveManager.java:1144)
	at org.eclipse.core.internal.resources.DelayedSnapshotJob.run(DelayedSnapshotJob.java:51)
	at org.eclipse.core.internal.jobs.Worker.run(Worker.java:54)

!ENTRY org.eclipse.jdt.core 4 4 2017-05-11 18:51:25.466
!MESSAGE Background Indexer Crash Recovery
!STACK 0
java.lang.OutOfMemoryError: Requested array size exceeds VM limit
	at org.eclipse.jdt.internal.compiler.util.HashtableOfObject.<init>(HashtableOfObject.java:38)
	at org.eclipse.jdt.internal.core.index.DiskIndex.readCategoryTable(DiskIndex.java:642)
	at org.eclipse.jdt.internal.core.index.DiskIndex.mergeCategory(DiskIndex.java:463)
	at org.eclipse.jdt.internal.core.index.DiskIndex.mergeCategories(DiskIndex.java:455)
	at org.eclipse.jdt.internal.core.index.DiskIndex.mergeWith(DiskIndex.java:549)
	at org.eclipse.jdt.internal.core.index.Index.save(Index.java:197)
	at org.eclipse.jdt.internal.core.search.indexing.IndexManager.saveIndex(IndexManager.java:905)
	at org.eclipse.jdt.internal.core.search.indexing.IndexManager.saveIndexes(IndexManager.java:947)
	at org.eclipse.jdt.internal.core.search.indexing.IndexManager.notifyIdle(IndexManager.java:644)
	at org.eclipse.jdt.internal.core.search.processing.JobManager.run(JobManager.java:388)
	at java.lang.Thread.run(Unknown Source)

!ENTRY org.eclipse.jdt.core 4 4 2017-05-11 18:52:36.113
!MESSAGE Background Indexer Crash Recovery
!STACK 0
java.lang.NegativeArraySizeException
	at org.eclipse.jdt.internal.compiler.util.HashtableOfObject.<init>(HashtableOfObject.java:38)
	at org.eclipse.jdt.internal.core.index.DiskIndex.readCategoryTable(DiskIndex.java:642)
	at org.eclipse.jdt.internal.core.index.DiskIndex.mergeCategory(DiskIndex.java:463)
	at org.eclipse.jdt.internal.core.index.DiskIndex.mergeCategories(DiskIndex.java:455)
	at org.eclipse.jdt.internal.core.index.DiskIndex.mergeWith(DiskIndex.java:549)
	at org.eclipse.jdt.internal.core.index.Index.save(Index.java:197)
	at org.eclipse.jdt.internal.core.search.indexing.IndexManager.saveIndex(IndexManager.java:905)
	at org.eclipse.jdt.internal.core.search.indexing.IndexManager.saveIndexes(IndexManager.java:947)
	at org.eclipse.jdt.internal.core.search.indexing.IndexManager.notifyIdle(IndexManager.java:644)
	at org.eclipse.jdt.internal.core.search.processing.JobManager.run(JobManager.java:388)
	at java.lang.Thread.run(Unknown Source)

!ENTRY org.eclipse.core.jobs 4 2 2017-05-11 18:56:25.494
!MESSAGE An internal error occurred during: "Periodic workspace save.".
!STACK 0
java.lang.IllegalArgumentException: Cannot set lower sequence number for root (previous: 10, new: 9). Location: C:\Users\nick\Dropbox\computer applications\.metadata\.plugins\org.eclipse.core.resources\.safetable\org.eclipse.core.resources
	at org.eclipse.core.runtime.Assert.isLegal(Assert.java:63)
	at org.eclipse.core.internal.resources.SaveManager.validateMasterTableBeforeSave(SaveManager.java:1599)
	at org.eclipse.core.internal.resources.SaveManager.saveMasterTable(SaveManager.java:1263)
	at org.eclipse.core.internal.resources.SaveManager.saveMasterTable(SaveManager.java:1255)
	at org.eclipse.core.internal.resources.SaveManager.save(SaveManager.java:1232)
	at org.eclipse.core.internal.resources.SaveManager.save(SaveManager.java:1144)
	at org.eclipse.core.internal.resources.DelayedSnapshotJob.run(DelayedSnapshotJob.java:51)
	at org.eclipse.core.internal.jobs.Worker.run(Worker.java:54)

!ENTRY org.eclipse.jdt.core 4 4 2017-05-11 19:06:20.552
!MESSAGE Background Indexer Crash Recovery
!STACK 0
java.lang.NegativeArraySizeException
	at org.eclipse.jdt.internal.compiler.util.HashtableOfObject.<init>(HashtableOfObject.java:38)
	at org.eclipse.jdt.internal.core.index.DiskIndex.readCategoryTable(DiskIndex.java:642)
	at org.eclipse.jdt.internal.core.index.DiskIndex.mergeCategory(DiskIndex.java:463)
	at org.eclipse.jdt.internal.core.index.DiskIndex.mergeCategories(DiskIndex.java:455)
	at org.eclipse.jdt.internal.core.index.DiskIndex.mergeWith(DiskIndex.java:549)
	at org.eclipse.jdt.internal.core.index.Index.save(Index.java:197)
	at org.eclipse.jdt.internal.core.search.indexing.IndexManager.saveIndex(IndexManager.java:905)
	at org.eclipse.jdt.internal.core.search.indexing.IndexManager.saveIndexes(IndexManager.java:947)
	at org.eclipse.jdt.internal.core.search.indexing.IndexManager.notifyIdle(IndexManager.java:644)
	at org.eclipse.jdt.internal.core.search.processing.JobManager.run(JobManager.java:388)
	at java.lang.Thread.run(Unknown Source)

!ENTRY org.eclipse.jdt.core 4 4 2017-05-11 19:10:41.621
!MESSAGE Background Indexer Crash Recovery
!STACK 0
java.lang.OutOfMemoryError: Java heap space
	at org.eclipse.jdt.internal.compiler.util.HashtableOfObject.<init>(HashtableOfObject.java:38)
	at org.eclipse.jdt.internal.core.index.DiskIndex.readCategoryTable(DiskIndex.java:642)
	at org.eclipse.jdt.internal.core.index.DiskIndex.mergeCategory(DiskIndex.java:463)
	at org.eclipse.jdt.internal.core.index.DiskIndex.mergeCategories(DiskIndex.java:455)
	at org.eclipse.jdt.internal.core.index.DiskIndex.mergeWith(DiskIndex.java:549)
	at org.eclipse.jdt.internal.core.index.Index.save(Index.java:197)
	at org.eclipse.jdt.internal.core.search.indexing.IndexManager.saveIndex(IndexManager.java:905)
	at org.eclipse.jdt.internal.core.search.indexing.IndexManager.saveIndexes(IndexManager.java:947)
	at org.eclipse.jdt.internal.core.search.indexing.IndexManager.notifyIdle(IndexManager.java:644)
	at org.eclipse.jdt.internal.core.search.processing.JobManager.run(JobManager.java:388)
	at java.lang.Thread.run(Unknown Source)
!SESSION 2017-05-11 19:10:48.107 -----------------------------------------------
eclipse.buildId=4.4.2.M20150204-1700
java.version=1.8.0_121
java.vendor=Oracle Corporation
BootLoader constants: OS=win32, ARCH=x86_64, WS=win32, NL=el_GR
Framework arguments:  -product org.eclipse.epp.package.java.product
Command-line arguments:  -os win32 -ws win32 -arch x86_64 -product org.eclipse.epp.package.java.product

!ENTRY org.eclipse.egit.ui 2 0 2017-05-11 19:10:59.382
!MESSAGE Warning: EGit couldn't detect the installation path "gitPrefix" of native Git. Hence EGit can't respect system level
Git settings which might be configured in ${gitPrefix}/etc/gitconfig under the native Git installation directory.
The most important of these settings is core.autocrlf. Git for Windows by default sets this parameter to true in
this system level configuration. The Git installation location can be configured on the
Team > Git > Configuration preference page's 'System Settings' tab.
This warning can be switched off on the Team > Git > Confirmations and Warnings preference page.

!ENTRY org.eclipse.jdt.core 4 4 2017-05-11 19:13:02.991
!MESSAGE JavaBuilder handling ImageBuilderInternalException while building: a
!STACK 1
org.eclipse.core.runtime.CoreException: Could not write file: C:\Users\nick\Dropbox\computer applications\a\bin\assignment1.
	at org.eclipse.core.internal.filesystem.Policy.error(Policy.java:55)
	at org.eclipse.core.internal.filesystem.Policy.error(Policy.java:50)
	at org.eclipse.core.internal.filesystem.local.LocalFile.checkTargetIsNotWritable(LocalFile.java:90)
	at org.eclipse.core.internal.filesystem.local.LocalFile.mkdir(LocalFile.java:304)
	at org.eclipse.core.internal.localstore.FileSystemResourceManager.write(FileSystemResourceManager.java:1132)
	at org.eclipse.core.internal.resources.Folder.internalCreate(Folder.java:180)
	at org.eclipse.core.internal.resources.Folder.create(Folder.java:107)
	at org.eclipse.jdt.internal.core.builder.AbstractImageBuilder.createFolder(AbstractImageBuilder.java:472)
	at org.eclipse.jdt.internal.core.builder.AbstractImageBuilder$1.visit(AbstractImageBuilder.java:256)
	at org.eclipse.core.internal.resources.Resource$1.visitElement(Resource.java:85)
	at org.eclipse.core.internal.watson.ElementTreeIterator.doIteration(ElementTreeIterator.java:82)
	at org.eclipse.core.internal.watson.ElementTreeIterator.doIteration(ElementTreeIterator.java:86)
	at org.eclipse.core.internal.watson.ElementTreeIterator.iterate(ElementTreeIterator.java:127)
	at org.eclipse.core.internal.resources.Resource.accept(Resource.java:95)
	at org.eclipse.core.internal.resources.Resource.accept(Resource.java:52)
	at org.eclipse.jdt.internal.core.builder.AbstractImageBuilder.addAllSourceFiles(AbstractImageBuilder.java:221)
	at org.eclipse.jdt.internal.core.builder.BatchImageBuilder.build(BatchImageBuilder.java:52)
	at org.eclipse.jdt.internal.core.builder.JavaBuilder.buildAll(JavaBuilder.java:256)
	at org.eclipse.jdt.internal.core.builder.JavaBuilder.build(JavaBuilder.java:186)
	at org.eclipse.core.internal.events.BuildManager$2.run(BuildManager.java:734)
	at org.eclipse.core.runtime.SafeRunner.run(SafeRunner.java:42)
	at org.eclipse.core.internal.events.BuildManager.basicBuild(BuildManager.java:206)
	at org.eclipse.core.internal.events.BuildManager.basicBuild(BuildManager.java:246)
	at org.eclipse.core.internal.events.BuildManager$1.run(BuildManager.java:299)
	at org.eclipse.core.runtime.SafeRunner.run(SafeRunner.java:42)
	at org.eclipse.core.internal.events.BuildManager.basicBuild(BuildManager.java:302)
	at org.eclipse.core.internal.events.BuildManager.basicBuildLoop(BuildManager.java:358)
	at org.eclipse.core.internal.events.BuildManager.build(BuildManager.java:381)
	at org.eclipse.core.internal.events.AutoBuildJob.doBuild(AutoBuildJob.java:143)
	at org.eclipse.core.internal.events.AutoBuildJob.run(AutoBuildJob.java:241)
	at org.eclipse.core.internal.jobs.Worker.run(Worker.java:54)
!SUBENTRY 1 org.eclipse.core.filesystem 4 272 2017-05-11 19:13:02.993
!MESSAGE Could not write file: C:\Users\nick\Dropbox\computer applications\a\bin\assignment1.
!SESSION 2017-05-11 19:12:46.942 -----------------------------------------------
eclipse.buildId=4.4.2.M20150204-1700
java.version=1.8.0_121
java.vendor=Oracle Corporation
BootLoader constants: OS=win32, ARCH=x86_64, WS=win32, NL=en_US
Framework arguments:  -product org.eclipse.epp.package.java.product
Command-line arguments:  -os win32 -ws win32 -arch x86_64 -product org.eclipse.epp.package.java.product

!ENTRY org.eclipse.egit.ui 2 0 2017-05-11 19:13:14.075
!MESSAGE Warning: EGit couldn't detect the installation path "gitPrefix" of native Git. Hence EGit can't respect system level
Git settings which might be configured in ${gitPrefix}/etc/gitconfig under the native Git installation directory.
The most important of these settings is core.autocrlf. Git for Windows by default sets this parameter to true in
this system level configuration. The Git installation location can be configured on the
Team > Git > Configuration preference page's 'System Settings' tab.
This warning can be switched off on the Team > Git > Confirmations and Warnings preference page.

!ENTRY org.eclipse.jdt.core 4 4 2017-05-11 19:13:28.870
!MESSAGE Background Indexer Crash Recovery
!STACK 0
java.lang.OutOfMemoryError: Java heap space
	at org.eclipse.jdt.internal.compiler.util.HashtableOfObject.<init>(HashtableOfObject.java:38)
	at org.eclipse.jdt.internal.core.index.DiskIndex.readCategoryTable(DiskIndex.java:642)
	at org.eclipse.jdt.internal.core.index.DiskIndex.mergeCategory(DiskIndex.java:463)
	at org.eclipse.jdt.internal.core.index.DiskIndex.mergeCategories(DiskIndex.java:455)
	at org.eclipse.jdt.internal.core.index.DiskIndex.mergeWith(DiskIndex.java:549)
	at org.eclipse.jdt.internal.core.index.Index.save(Index.java:197)
	at org.eclipse.jdt.internal.core.search.indexing.IndexManager.saveIndex(IndexManager.java:905)
	at org.eclipse.jdt.internal.core.search.indexing.IndexManager.saveIndexes(IndexManager.java:947)
	at org.eclipse.jdt.internal.core.search.indexing.IndexManager.notifyIdle(IndexManager.java:644)
	at org.eclipse.jdt.internal.core.search.processing.JobManager.run(JobManager.java:388)
	at java.lang.Thread.run(Unknown Source)
!SESSION 2017-05-11 19:13:41.348 -----------------------------------------------
eclipse.buildId=4.4.2.M20150204-1700
java.version=1.8.0_121
java.vendor=Oracle Corporation
BootLoader constants: OS=win32, ARCH=x86_64, WS=win32, NL=el_GR
Framework arguments:  -product org.eclipse.epp.package.java.product
Command-line arguments:  -os win32 -ws win32 -arch x86_64 -product org.eclipse.epp.package.java.product

!ENTRY org.eclipse.egit.ui 2 0 2017-05-11 19:13:55.459
!MESSAGE Warning: EGit couldn't detect the installation path "gitPrefix" of native Git. Hence EGit can't respect system level
Git settings which might be configured in ${gitPrefix}/etc/gitconfig under the native Git installation directory.
The most important of these settings is core.autocrlf. Git for Windows by default sets this parameter to true in
this system level configuration. The Git installation location can be configured on the
Team > Git > Configuration preference page's 'System Settings' tab.
This warning can be switched off on the Team > Git > Confirmations and Warnings preference page.

!ENTRY org.eclipse.jdt.core 4 4 2017-05-11 19:14:52.923
!MESSAGE Background Indexer Crash Recovery
!STACK 0
java.lang.OutOfMemoryError: Requested array size exceeds VM limit
	at org.eclipse.jdt.internal.compiler.util.HashtableOfObject.<init>(HashtableOfObject.java:38)
	at org.eclipse.jdt.internal.core.index.DiskIndex.readCategoryTable(DiskIndex.java:642)
	at org.eclipse.jdt.internal.core.index.DiskIndex.mergeCategory(DiskIndex.java:463)
	at org.eclipse.jdt.internal.core.index.DiskIndex.mergeCategories(DiskIndex.java:455)
	at org.eclipse.jdt.internal.core.index.DiskIndex.mergeWith(DiskIndex.java:549)
	at org.eclipse.jdt.internal.core.index.Index.save(Index.java:197)
	at org.eclipse.jdt.internal.core.search.indexing.IndexManager.saveIndex(IndexManager.java:905)
	at org.eclipse.jdt.internal.core.search.indexing.IndexManager.saveIndexes(IndexManager.java:947)
	at org.eclipse.jdt.internal.core.search.indexing.IndexManager.notifyIdle(IndexManager.java:644)
	at org.eclipse.jdt.internal.core.search.processing.JobManager.run(JobManager.java:388)
	at java.lang.Thread.run(Unknown Source)
!SESSION 2017-05-11 19:15:05.454 -----------------------------------------------
eclipse.buildId=4.4.2.M20150204-1700
java.version=1.8.0_121
java.vendor=Oracle Corporation
BootLoader constants: OS=win32, ARCH=x86_64, WS=win32, NL=en_US
Framework arguments:  -product org.eclipse.epp.package.java.product
Command-line arguments:  -os win32 -ws win32 -arch x86_64 -product org.eclipse.epp.package.java.product

!ENTRY org.eclipse.egit.ui 2 0 2017-05-11 19:15:47.686
!MESSAGE Warning: EGit couldn't detect the installation path "gitPrefix" of native Git. Hence EGit can't respect system level
Git settings which might be configured in ${gitPrefix}/etc/gitconfig under the native Git installation directory.
The most important of these settings is core.autocrlf. Git for Windows by default sets this parameter to true in
this system level configuration. The Git installation location can be configured on the
Team > Git > Configuration preference page's 'System Settings' tab.
This warning can be switched off on the Team > Git > Confirmations and Warnings preference page.

!ENTRY org.eclipse.jdt.core 4 4 2017-05-11 19:16:47.617
!MESSAGE Background Indexer Crash Recovery
!STACK 0
java.lang.OutOfMemoryError: Java heap space
	at org.eclipse.jdt.internal.compiler.util.HashtableOfObject.<init>(HashtableOfObject.java:38)
	at org.eclipse.jdt.internal.core.index.DiskIndex.readCategoryTable(DiskIndex.java:642)
	at org.eclipse.jdt.internal.core.index.DiskIndex.mergeCategory(DiskIndex.java:463)
	at org.eclipse.jdt.internal.core.index.DiskIndex.mergeCategories(DiskIndex.java:455)
	at org.eclipse.jdt.internal.core.index.DiskIndex.mergeWith(DiskIndex.java:549)
	at org.eclipse.jdt.internal.core.index.Index.save(Index.java:197)
	at org.eclipse.jdt.internal.core.search.indexing.IndexManager.saveIndex(IndexManager.java:905)
	at org.eclipse.jdt.internal.core.search.indexing.IndexManager.saveIndexes(IndexManager.java:947)
	at org.eclipse.jdt.internal.core.search.indexing.IndexManager.notifyIdle(IndexManager.java:644)
	at org.eclipse.jdt.internal.core.search.processing.JobManager.run(JobManager.java:388)
	at java.lang.Thread.run(Unknown Source)

!ENTRY org.eclipse.jdt.core 4 4 2017-05-11 19:20:16.684
!MESSAGE Background Indexer Crash Recovery
!STACK 0
java.lang.NegativeArraySizeException
	at org.eclipse.jdt.internal.compiler.util.HashtableOfObject.<init>(HashtableOfObject.java:38)
	at org.eclipse.jdt.internal.core.index.DiskIndex.readCategoryTable(DiskIndex.java:642)
	at org.eclipse.jdt.internal.core.index.DiskIndex.mergeCategory(DiskIndex.java:463)
	at org.eclipse.jdt.internal.core.index.DiskIndex.mergeCategories(DiskIndex.java:455)
	at org.eclipse.jdt.internal.core.index.DiskIndex.mergeWith(DiskIndex.java:549)
	at org.eclipse.jdt.internal.core.index.Index.save(Index.java:197)
	at org.eclipse.jdt.internal.core.search.indexing.IndexManager.saveIndex(IndexManager.java:905)
	at org.eclipse.jdt.internal.core.search.indexing.IndexManager.saveIndexes(IndexManager.java:947)
	at org.eclipse.jdt.internal.core.search.indexing.IndexManager.notifyIdle(IndexManager.java:644)
	at org.eclipse.jdt.internal.core.search.processing.JobManager.run(JobManager.java:388)
	at java.lang.Thread.run(Unknown Source)
